#
# There is insufficient memory for the Java Runtime Environment to continue.
# Native memory allocation (malloc) failed to allocate 678848 bytes for Chunk::new
# Possible reasons:
#   The system is out of physical RAM or swap space
#   The process is running with CompressedOops enabled, and the Java Heap may be blocking the growth of the native heap
# Possible solutions:
#   Reduce memory load on the system
#   Increase physical memory or swap space
#   Check if swap backing store is full
#   Decrease Java heap size (-Xmx/-Xms)
#   Decrease number of Java threads
#   Decrease Java thread stack sizes (-Xss)
#   Set larger code cache with -XX:ReservedCodeCacheSize=
#   JVM is running with Unscaled Compressed Oops mode in which the Java heap is
#     placed in the first 4GB address space. The Java Heap base address is the
#     maximum limit for the native heap growth. Please use -XX:HeapBaseMinAddress
#     to set the Java Heap base and to place the Java Heap above 4GB virtual address.
# This output file may be truncated or incomplete.
#
#  Out of Memory Error (arena.cpp:189), pid=5724, tid=13036
#
# JRE version: Java(TM) SE Runtime Environment (17.0.1+12) (build 17.0.1+12-LTS-39)
# Java VM: Java HotSpot(TM) 64-Bit Server VM (17.0.1+12-LTS-39, mixed mode, sharing, tiered, compressed oops, compressed class ptrs, g1 gc, windows-amd64)
# No core dump will be written. Minidumps are not enabled by default on client versions of Windows
#

---------------  S U M M A R Y ------------

Command Line: -javaagent:C:\Program Files\JetBrains\IntelliJ IDEA Community Edition 2022.2.1\lib\idea_rt.jar=56875:C:\Program Files\JetBrains\IntelliJ IDEA Community Edition 2022.2.1\bin -Dfile.encoding=UTF-8 com.example.managerProject.ManagerProjectApplication

Host: Intel(R) Core(TM) i3-1005G1 CPU @ 1.20GHz, 4 cores, 7G,  Windows 10 , 64 bit Build 17763 (10.0.17763.3887)
Time: Fri Aug 25 22:53:38 2023 RTZ 2 (зима) elapsed time: 2.059987 seconds (0d 0h 0m 2s)

---------------  T H R E A D  ---------------

Current thread (0x00000224b74105f0):  JavaThread "C2 CompilerThread1" daemon [_thread_in_native, id=13036, stack(0x000000c2a4b00000,0x000000c2a4c00000)]


Current CompileTask:
C2:   2060 2469       4       jdk.internal.org.objectweb.asm.SymbolTable::addConstantUtf8Reference (101 bytes)

Stack: [0x000000c2a4b00000,0x000000c2a4c00000]
Native frames: (J=compiled Java code, j=interpreted, Vv=VM code, C=native code)
V  [jvm.dll+0x66fa1a]
V  [jvm.dll+0x7ce5a4]
V  [jvm.dll+0x7cfd4e]
V  [jvm.dll+0x7d03b3]
V  [jvm.dll+0x242b05]
V  [jvm.dll+0xaa05b]
V  [jvm.dll+0xaa5ec]
V  [jvm.dll+0x35fa07]
V  [jvm.dll+0x329f51]
V  [jvm.dll+0x3293fa]
V  [jvm.dll+0x215bf1]
V  [jvm.dll+0x215011]
V  [jvm.dll+0x1a168d]
V  [jvm.dll+0x224848]
V  [jvm.dll+0x2229ac]
V  [jvm.dll+0x78435b]
V  [jvm.dll+0x77e91a]
V  [jvm.dll+0x66e845]
C  [ucrtbase.dll+0x2268a]
C  [KERNEL32.DLL+0x17ad4]
C  [ntdll.dll+0x5a371]


---------------  P R O C E S S  ---------------

Threads class SMR info:
_java_thread_list=0x00000224b95f2980, length=16, elements={
0x00000224988bb030, 0x0000022498754020, 0x00000224987550f0, 0x000002249876bc30,
0x000002249876c6f0, 0x0000022498772190, 0x00000224b6820090, 0x00000224b6821150,
0x000002249877cc10, 0x00000224b6824300, 0x00000224b6921ce0, 0x00000224b6d02090,
0x00000224b6b4f2d0, 0x00000224b710d170, 0x00000224b706fa70, 0x00000224b74105f0
}

Java Threads: ( => current thread )
  0x00000224988bb030 JavaThread "main" [_thread_blocked, id=5424, stack(0x000000c2a3200000,0x000000c2a3300000)]
  0x0000022498754020 JavaThread "Reference Handler" daemon [_thread_blocked, id=3136, stack(0x000000c2a3900000,0x000000c2a3a00000)]
  0x00000224987550f0 JavaThread "Finalizer" daemon [_thread_blocked, id=12812, stack(0x000000c2a3a00000,0x000000c2a3b00000)]
  0x000002249876bc30 JavaThread "Signal Dispatcher" daemon [_thread_blocked, id=10644, stack(0x000000c2a3b00000,0x000000c2a3c00000)]
  0x000002249876c6f0 JavaThread "Attach Listener" daemon [_thread_blocked, id=11268, stack(0x000000c2a3c00000,0x000000c2a3d00000)]
  0x0000022498772190 JavaThread "Service Thread" daemon [_thread_blocked, id=7984, stack(0x000000c2a3d00000,0x000000c2a3e00000)]
  0x00000224b6820090 JavaThread "Monitor Deflation Thread" daemon [_thread_blocked, id=10892, stack(0x000000c2a3e00000,0x000000c2a3f00000)]
  0x00000224b6821150 JavaThread "C2 CompilerThread0" daemon [_thread_blocked, id=12720, stack(0x000000c2a3f00000,0x000000c2a4000000)]
  0x000002249877cc10 JavaThread "C1 CompilerThread0" daemon [_thread_in_vm, id=4856, stack(0x000000c2a4000000,0x000000c2a4100000)]
  0x00000224b6824300 JavaThread "Sweeper thread" daemon [_thread_blocked, id=3936, stack(0x000000c2a4100000,0x000000c2a4200000)]
  0x00000224b6921ce0 JavaThread "Common-Cleaner" daemon [_thread_blocked, id=4452, stack(0x000000c2a4200000,0x000000c2a4300000)]
  0x00000224b6d02090 JavaThread "Monitor Ctrl-Break" daemon [_thread_in_native, id=2404, stack(0x000000c2a4300000,0x000000c2a4400000)]
  0x00000224b6b4f2d0 JavaThread "Notification Thread" daemon [_thread_blocked, id=12752, stack(0x000000c2a4400000,0x000000c2a4500000)]
  0x00000224b710d170 JavaThread "Thread-0" [_thread_blocked, id=12976, stack(0x000000c2a4900000,0x000000c2a4a00000)]
  0x00000224b706fa70 JavaThread "restartedMain" [_thread_in_Java, id=12960, stack(0x000000c2a4a00000,0x000000c2a4b00000)]
=>0x00000224b74105f0 JavaThread "C2 CompilerThread1" daemon [_thread_in_native, id=13036, stack(0x000000c2a4b00000,0x000000c2a4c00000)]

Other Threads:
  0x000002249874dd80 VMThread "VM Thread" [stack: 0x000000c2a3800000,0x000000c2a3900000] [id=7624]
  0x00000224b6d02560 WatcherThread [stack: 0x000000c2a4500000,0x000000c2a4600000] [id=8452]
  0x00000224988f8b90 GCTaskThread "GC Thread#0" [stack: 0x000000c2a3300000,0x000000c2a3400000] [id=12180]
  0x00000224b74eea60 GCTaskThread "GC Thread#1" [stack: 0x000000c2a4600000,0x000000c2a4700000] [id=11868]
  0x00000224b74eed10 GCTaskThread "GC Thread#2" [stack: 0x000000c2a4700000,0x000000c2a4800000] [id=8556]
  0x00000224b7091b70 GCTaskThread "GC Thread#3" [stack: 0x000000c2a4800000,0x000000c2a4900000] [id=12980]
  0x00000224988fe5d0 ConcurrentGCThread "G1 Main Marker" [stack: 0x000000c2a3400000,0x000000c2a3500000] [id=10580]
  0x000002249858bda0 ConcurrentGCThread "G1 Conc#0" [stack: 0x000000c2a3500000,0x000000c2a3600000] [id=11584]
  0x0000022498601710 ConcurrentGCThread "G1 Refine#0" [stack: 0x000000c2a3600000,0x000000c2a3700000] [id=3524]
  0x0000022498603050 ConcurrentGCThread "G1 Service" [stack: 0x000000c2a3700000,0x000000c2a3800000] [id=3480]

Threads with active compile tasks:
C2 CompilerThread1     2073 2469       4       jdk.internal.org.objectweb.asm.SymbolTable::addConstantUtf8Reference (101 bytes)

VM state: not at safepoint (normal execution)

VM Mutex/Monitor currently owned by a thread:  ([mutex/lock_event])
[0x00000224988b4a60] MethodCompileQueue_lock - owner thread: 0x00000224b706fa70

Heap address: 0x0000000083800000, size: 1992 MB, Compressed Oops mode: 32-bit

CDS archive(s) mapped at: [0x0000000800000000-0x0000000800bc0000-0x0000000800bc0000), size 12320768, SharedBaseAddress: 0x0000000800000000, ArchiveRelocationMode: 0.
Compressed class space mapped at: 0x0000000800c00000-0x0000000840c00000, reserved size: 1073741824
Narrow klass base: 0x0000000800000000, Narrow klass shift: 0, Narrow klass range: 0x100000000

GC Precious Log:
 CPUs: 4 total, 4 available
 Memory: 7967M
 Large Page Support: Disabled
 NUMA Support: Disabled
 Compressed Oops: Enabled (32-bit)
 Heap Region Size: 1M
 Heap Min Capacity: 8M
 Heap Initial Capacity: 126M
 Heap Max Capacity: 1992M
 Pre-touch: Disabled
 Parallel Workers: 4
 Concurrent Workers: 1
 Concurrent Refinement Workers: 4
 Periodic GC: Disabled

Heap:
 garbage-first heap   total 129024K, used 39421K [0x0000000083800000, 0x0000000100000000)
  region size 1024K, 36 young (36864K), 4 survivors (4096K)
 Metaspace       used 17842K, committed 18112K, reserved 1064960K
  class space    used 2168K, committed 2304K, reserved 1048576K

Heap Regions: E=young(eden), S=young(survivor), O=old, HS=humongous(starts), HC=humongous(continues), CS=collection set, F=free, OA=open archive, CA=closed archive, TAMS=top-at-mark-start (previous, next)
|   0|0x0000000083800000, 0x0000000083900000, 0x0000000083900000|100%|HS|  |TAMS 0x0000000083800000, 0x0000000083800000| Complete 
|   1|0x0000000083900000, 0x0000000083a00000, 0x0000000083a00000|100%| O|  |TAMS 0x0000000083900000, 0x0000000083900000| Untracked 
|   2|0x0000000083a00000, 0x0000000083b00000, 0x0000000083b00000|100%| O|  |TAMS 0x0000000083a00000, 0x0000000083a00000| Untracked 
|   3|0x0000000083b00000, 0x0000000083c00000, 0x0000000083c00000|100%| O|  |TAMS 0x0000000083b00000, 0x0000000083b00000| Untracked 
|   4|0x0000000083c00000, 0x0000000083d00000, 0x0000000083d00000|100%| O|  |TAMS 0x0000000083c00000, 0x0000000083c00000| Untracked 
|   5|0x0000000083d00000, 0x0000000083d59400, 0x0000000083e00000| 34%| O|  |TAMS 0x0000000083d00000, 0x0000000083d00000| Untracked 
|   6|0x0000000083e00000, 0x0000000083e00000, 0x0000000083f00000|  0%| F|  |TAMS 0x0000000083e00000, 0x0000000083e00000| Untracked 
|   7|0x0000000083f00000, 0x0000000083f00000, 0x0000000084000000|  0%| F|  |TAMS 0x0000000083f00000, 0x0000000083f00000| Untracked 
|   8|0x0000000084000000, 0x0000000084000000, 0x0000000084100000|  0%| F|  |TAMS 0x0000000084000000, 0x0000000084000000| Untracked 
|   9|0x0000000084100000, 0x0000000084100000, 0x0000000084200000|  0%| F|  |TAMS 0x0000000084100000, 0x0000000084100000| Untracked 
|  10|0x0000000084200000, 0x0000000084200000, 0x0000000084300000|  0%| F|  |TAMS 0x0000000084200000, 0x0000000084200000| Untracked 
|  11|0x0000000084300000, 0x0000000084300000, 0x0000000084400000|  0%| F|  |TAMS 0x0000000084300000, 0x0000000084300000| Untracked 
|  12|0x0000000084400000, 0x0000000084400000, 0x0000000084500000|  0%| F|  |TAMS 0x0000000084400000, 0x0000000084400000| Untracked 
|  13|0x0000000084500000, 0x0000000084500000, 0x0000000084600000|  0%| F|  |TAMS 0x0000000084500000, 0x0000000084500000| Untracked 
|  14|0x0000000084600000, 0x0000000084600000, 0x0000000084700000|  0%| F|  |TAMS 0x0000000084600000, 0x0000000084600000| Untracked 
|  15|0x0000000084700000, 0x0000000084700000, 0x0000000084800000|  0%| F|  |TAMS 0x0000000084700000, 0x0000000084700000| Untracked 
|  16|0x0000000084800000, 0x0000000084800000, 0x0000000084900000|  0%| F|  |TAMS 0x0000000084800000, 0x0000000084800000| Untracked 
|  17|0x0000000084900000, 0x0000000084900000, 0x0000000084a00000|  0%| F|  |TAMS 0x0000000084900000, 0x0000000084900000| Untracked 
|  18|0x0000000084a00000, 0x0000000084a00000, 0x0000000084b00000|  0%| F|  |TAMS 0x0000000084a00000, 0x0000000084a00000| Untracked 
|  19|0x0000000084b00000, 0x0000000084b00000, 0x0000000084c00000|  0%| F|  |TAMS 0x0000000084b00000, 0x0000000084b00000| Untracked 
|  20|0x0000000084c00000, 0x0000000084c00000, 0x0000000084d00000|  0%| F|  |TAMS 0x0000000084c00000, 0x0000000084c00000| Untracked 
|  21|0x0000000084d00000, 0x0000000084d00000, 0x0000000084e00000|  0%| F|  |TAMS 0x0000000084d00000, 0x0000000084d00000| Untracked 
|  22|0x0000000084e00000, 0x0000000084e00000, 0x0000000084f00000|  0%| F|  |TAMS 0x0000000084e00000, 0x0000000084e00000| Untracked 
|  23|0x0000000084f00000, 0x0000000084f00000, 0x0000000085000000|  0%| F|  |TAMS 0x0000000084f00000, 0x0000000084f00000| Untracked 
|  24|0x0000000085000000, 0x0000000085000000, 0x0000000085100000|  0%| F|  |TAMS 0x0000000085000000, 0x0000000085000000| Untracked 
|  25|0x0000000085100000, 0x0000000085100000, 0x0000000085200000|  0%| F|  |TAMS 0x0000000085100000, 0x0000000085100000| Untracked 
|  26|0x0000000085200000, 0x0000000085200000, 0x0000000085300000|  0%| F|  |TAMS 0x0000000085200000, 0x0000000085200000| Untracked 
|  27|0x0000000085300000, 0x0000000085300000, 0x0000000085400000|  0%| F|  |TAMS 0x0000000085300000, 0x0000000085300000| Untracked 
|  28|0x0000000085400000, 0x0000000085400000, 0x0000000085500000|  0%| F|  |TAMS 0x0000000085400000, 0x0000000085400000| Untracked 
|  29|0x0000000085500000, 0x0000000085500000, 0x0000000085600000|  0%| F|  |TAMS 0x0000000085500000, 0x0000000085500000| Untracked 
|  30|0x0000000085600000, 0x0000000085600000, 0x0000000085700000|  0%| F|  |TAMS 0x0000000085600000, 0x0000000085600000| Untracked 
|  31|0x0000000085700000, 0x0000000085700000, 0x0000000085800000|  0%| F|  |TAMS 0x0000000085700000, 0x0000000085700000| Untracked 
|  32|0x0000000085800000, 0x0000000085800000, 0x0000000085900000|  0%| F|  |TAMS 0x0000000085800000, 0x0000000085800000| Untracked 
|  33|0x0000000085900000, 0x0000000085900000, 0x0000000085a00000|  0%| F|  |TAMS 0x0000000085900000, 0x0000000085900000| Untracked 
|  34|0x0000000085a00000, 0x0000000085a00000, 0x0000000085b00000|  0%| F|  |TAMS 0x0000000085a00000, 0x0000000085a00000| Untracked 
|  35|0x0000000085b00000, 0x0000000085b00000, 0x0000000085c00000|  0%| F|  |TAMS 0x0000000085b00000, 0x0000000085b00000| Untracked 
|  36|0x0000000085c00000, 0x0000000085c00000, 0x0000000085d00000|  0%| F|  |TAMS 0x0000000085c00000, 0x0000000085c00000| Untracked 
|  37|0x0000000085d00000, 0x0000000085d00000, 0x0000000085e00000|  0%| F|  |TAMS 0x0000000085d00000, 0x0000000085d00000| Untracked 
|  38|0x0000000085e00000, 0x0000000085e00000, 0x0000000085f00000|  0%| F|  |TAMS 0x0000000085e00000, 0x0000000085e00000| Untracked 
|  39|0x0000000085f00000, 0x0000000085f00000, 0x0000000086000000|  0%| F|  |TAMS 0x0000000085f00000, 0x0000000085f00000| Untracked 
|  40|0x0000000086000000, 0x0000000086000000, 0x0000000086100000|  0%| F|  |TAMS 0x0000000086000000, 0x0000000086000000| Untracked 
|  41|0x0000000086100000, 0x0000000086100000, 0x0000000086200000|  0%| F|  |TAMS 0x0000000086100000, 0x0000000086100000| Untracked 
|  42|0x0000000086200000, 0x0000000086200000, 0x0000000086300000|  0%| F|  |TAMS 0x0000000086200000, 0x0000000086200000| Untracked 
|  43|0x0000000086300000, 0x0000000086300000, 0x0000000086400000|  0%| F|  |TAMS 0x0000000086300000, 0x0000000086300000| Untracked 
|  44|0x0000000086400000, 0x0000000086400000, 0x0000000086500000|  0%| F|  |TAMS 0x0000000086400000, 0x0000000086400000| Untracked 
|  45|0x0000000086500000, 0x0000000086500000, 0x0000000086600000|  0%| F|  |TAMS 0x0000000086500000, 0x0000000086500000| Untracked 
|  46|0x0000000086600000, 0x0000000086600000, 0x0000000086700000|  0%| F|  |TAMS 0x0000000086600000, 0x0000000086600000| Untracked 
|  47|0x0000000086700000, 0x0000000086700000, 0x0000000086800000|  0%| F|  |TAMS 0x0000000086700000, 0x0000000086700000| Untracked 
|  48|0x0000000086800000, 0x0000000086800000, 0x0000000086900000|  0%| F|  |TAMS 0x0000000086800000, 0x0000000086800000| Untracked 
|  49|0x0000000086900000, 0x0000000086900000, 0x0000000086a00000|  0%| F|  |TAMS 0x0000000086900000, 0x0000000086900000| Untracked 
|  50|0x0000000086a00000, 0x0000000086a00000, 0x0000000086b00000|  0%| F|  |TAMS 0x0000000086a00000, 0x0000000086a00000| Untracked 
|  51|0x0000000086b00000, 0x0000000086b00000, 0x0000000086c00000|  0%| F|  |TAMS 0x0000000086b00000, 0x0000000086b00000| Untracked 
|  52|0x0000000086c00000, 0x0000000086c00000, 0x0000000086d00000|  0%| F|  |TAMS 0x0000000086c00000, 0x0000000086c00000| Untracked 
|  53|0x0000000086d00000, 0x0000000086d00000, 0x0000000086e00000|  0%| F|  |TAMS 0x0000000086d00000, 0x0000000086d00000| Untracked 
|  54|0x0000000086e00000, 0x0000000086e00000, 0x0000000086f00000|  0%| F|  |TAMS 0x0000000086e00000, 0x0000000086e00000| Untracked 
|  55|0x0000000086f00000, 0x0000000086f00000, 0x0000000087000000|  0%| F|  |TAMS 0x0000000086f00000, 0x0000000086f00000| Untracked 
|  56|0x0000000087000000, 0x0000000087000000, 0x0000000087100000|  0%| F|  |TAMS 0x0000000087000000, 0x0000000087000000| Untracked 
|  57|0x0000000087100000, 0x0000000087100000, 0x0000000087200000|  0%| F|  |TAMS 0x0000000087100000, 0x0000000087100000| Untracked 
|  58|0x0000000087200000, 0x0000000087200000, 0x0000000087300000|  0%| F|  |TAMS 0x0000000087200000, 0x0000000087200000| Untracked 
|  59|0x0000000087300000, 0x0000000087300000, 0x0000000087400000|  0%| F|  |TAMS 0x0000000087300000, 0x0000000087300000| Untracked 
|  60|0x0000000087400000, 0x0000000087400000, 0x0000000087500000|  0%| F|  |TAMS 0x0000000087400000, 0x0000000087400000| Untracked 
|  61|0x0000000087500000, 0x0000000087500000, 0x0000000087600000|  0%| F|  |TAMS 0x0000000087500000, 0x0000000087500000| Untracked 
|  62|0x0000000087600000, 0x0000000087600000, 0x0000000087700000|  0%| F|  |TAMS 0x0000000087600000, 0x0000000087600000| Untracked 
|  63|0x0000000087700000, 0x0000000087700000, 0x0000000087800000|  0%| F|  |TAMS 0x0000000087700000, 0x0000000087700000| Untracked 
|  64|0x0000000087800000, 0x0000000087800000, 0x0000000087900000|  0%| F|  |TAMS 0x0000000087800000, 0x0000000087800000| Untracked 
|  65|0x0000000087900000, 0x0000000087900000, 0x0000000087a00000|  0%| F|  |TAMS 0x0000000087900000, 0x0000000087900000| Untracked 
|  66|0x0000000087a00000, 0x0000000087a00000, 0x0000000087b00000|  0%| F|  |TAMS 0x0000000087a00000, 0x0000000087a00000| Untracked 
|  67|0x0000000087b00000, 0x0000000087b00000, 0x0000000087c00000|  0%| F|  |TAMS 0x0000000087b00000, 0x0000000087b00000| Untracked 
|  68|0x0000000087c00000, 0x0000000087c00000, 0x0000000087d00000|  0%| F|  |TAMS 0x0000000087c00000, 0x0000000087c00000| Untracked 
|  69|0x0000000087d00000, 0x0000000087d00000, 0x0000000087e00000|  0%| F|  |TAMS 0x0000000087d00000, 0x0000000087d00000| Untracked 
|  70|0x0000000087e00000, 0x0000000087e00000, 0x0000000087f00000|  0%| F|  |TAMS 0x0000000087e00000, 0x0000000087e00000| Untracked 
|  71|0x0000000087f00000, 0x0000000087f00000, 0x0000000088000000|  0%| F|  |TAMS 0x0000000087f00000, 0x0000000087f00000| Untracked 
|  72|0x0000000088000000, 0x0000000088000000, 0x0000000088100000|  0%| F|  |TAMS 0x0000000088000000, 0x0000000088000000| Untracked 
|  73|0x0000000088100000, 0x0000000088100000, 0x0000000088200000|  0%| F|  |TAMS 0x0000000088100000, 0x0000000088100000| Untracked 
|  74|0x0000000088200000, 0x0000000088200000, 0x0000000088300000|  0%| F|  |TAMS 0x0000000088200000, 0x0000000088200000| Untracked 
|  75|0x0000000088300000, 0x0000000088300000, 0x0000000088400000|  0%| F|  |TAMS 0x0000000088300000, 0x0000000088300000| Untracked 
|  76|0x0000000088400000, 0x0000000088400000, 0x0000000088500000|  0%| F|  |TAMS 0x0000000088400000, 0x0000000088400000| Untracked 
|  77|0x0000000088500000, 0x0000000088500000, 0x0000000088600000|  0%| F|  |TAMS 0x0000000088500000, 0x0000000088500000| Untracked 
|  78|0x0000000088600000, 0x0000000088600000, 0x0000000088700000|  0%| F|  |TAMS 0x0000000088600000, 0x0000000088600000| Untracked 
|  79|0x0000000088700000, 0x0000000088700000, 0x0000000088800000|  0%| F|  |TAMS 0x0000000088700000, 0x0000000088700000| Untracked 
|  80|0x0000000088800000, 0x0000000088800000, 0x0000000088900000|  0%| F|  |TAMS 0x0000000088800000, 0x0000000088800000| Untracked 
|  81|0x0000000088900000, 0x0000000088900000, 0x0000000088a00000|  0%| F|  |TAMS 0x0000000088900000, 0x0000000088900000| Untracked 
|  82|0x0000000088a00000, 0x0000000088a00000, 0x0000000088b00000|  0%| F|  |TAMS 0x0000000088a00000, 0x0000000088a00000| Untracked 
|  83|0x0000000088b00000, 0x0000000088b00000, 0x0000000088c00000|  0%| F|  |TAMS 0x0000000088b00000, 0x0000000088b00000| Untracked 
|  84|0x0000000088c00000, 0x0000000088c00000, 0x0000000088d00000|  0%| F|  |TAMS 0x0000000088c00000, 0x0000000088c00000| Untracked 
|  85|0x0000000088d00000, 0x0000000088d00000, 0x0000000088e00000|  0%| F|  |TAMS 0x0000000088d00000, 0x0000000088d00000| Untracked 
|  86|0x0000000088e00000, 0x0000000088e00000, 0x0000000088f00000|  0%| F|  |TAMS 0x0000000088e00000, 0x0000000088e00000| Untracked 
|  87|0x0000000088f00000, 0x0000000088f00000, 0x0000000089000000|  0%| F|  |TAMS 0x0000000088f00000, 0x0000000088f00000| Untracked 
|  88|0x0000000089000000, 0x0000000089000000, 0x0000000089100000|  0%| F|  |TAMS 0x0000000089000000, 0x0000000089000000| Untracked 
|  89|0x0000000089100000, 0x0000000089100000, 0x0000000089200000|  0%| F|  |TAMS 0x0000000089100000, 0x0000000089100000| Untracked 
|  90|0x0000000089200000, 0x0000000089300000, 0x0000000089300000|100%| E|  |TAMS 0x0000000089200000, 0x0000000089200000| Complete 
|  91|0x0000000089300000, 0x0000000089400000, 0x0000000089400000|100%| E|CS|TAMS 0x0000000089300000, 0x0000000089300000| Complete 
|  92|0x0000000089400000, 0x0000000089500000, 0x0000000089500000|100%| E|CS|TAMS 0x0000000089400000, 0x0000000089400000| Complete 
|  93|0x0000000089500000, 0x0000000089600000, 0x0000000089600000|100%| E|CS|TAMS 0x0000000089500000, 0x0000000089500000| Complete 
|  94|0x0000000089600000, 0x00000000896262d0, 0x0000000089700000| 14%| S|CS|TAMS 0x0000000089600000, 0x0000000089600000| Complete 
|  95|0x0000000089700000, 0x0000000089800000, 0x0000000089800000|100%| S|CS|TAMS 0x0000000089700000, 0x0000000089700000| Complete 
|  96|0x0000000089800000, 0x0000000089900000, 0x0000000089900000|100%| S|CS|TAMS 0x0000000089800000, 0x0000000089800000| Complete 
|  97|0x0000000089900000, 0x0000000089a00000, 0x0000000089a00000|100%| S|CS|TAMS 0x0000000089900000, 0x0000000089900000| Complete 
|  98|0x0000000089a00000, 0x0000000089b00000, 0x0000000089b00000|100%| E|CS|TAMS 0x0000000089a00000, 0x0000000089a00000| Complete 
|  99|0x0000000089b00000, 0x0000000089c00000, 0x0000000089c00000|100%| E|CS|TAMS 0x0000000089b00000, 0x0000000089b00000| Complete 
| 100|0x0000000089c00000, 0x0000000089d00000, 0x0000000089d00000|100%| E|CS|TAMS 0x0000000089c00000, 0x0000000089c00000| Complete 
| 101|0x0000000089d00000, 0x0000000089e00000, 0x0000000089e00000|100%| E|CS|TAMS 0x0000000089d00000, 0x0000000089d00000| Complete 
| 102|0x0000000089e00000, 0x0000000089f00000, 0x0000000089f00000|100%| E|CS|TAMS 0x0000000089e00000, 0x0000000089e00000| Complete 
| 103|0x0000000089f00000, 0x000000008a000000, 0x000000008a000000|100%| E|CS|TAMS 0x0000000089f00000, 0x0000000089f00000| Complete 
| 104|0x000000008a000000, 0x000000008a100000, 0x000000008a100000|100%| E|CS|TAMS 0x000000008a000000, 0x000000008a000000| Complete 
| 105|0x000000008a100000, 0x000000008a200000, 0x000000008a200000|100%| E|CS|TAMS 0x000000008a100000, 0x000000008a100000| Complete 
| 106|0x000000008a200000, 0x000000008a300000, 0x000000008a300000|100%| E|CS|TAMS 0x000000008a200000, 0x000000008a200000| Complete 
| 107|0x000000008a300000, 0x000000008a400000, 0x000000008a400000|100%| E|CS|TAMS 0x000000008a300000, 0x000000008a300000| Complete 
| 108|0x000000008a400000, 0x000000008a500000, 0x000000008a500000|100%| E|CS|TAMS 0x000000008a400000, 0x000000008a400000| Complete 
| 109|0x000000008a500000, 0x000000008a600000, 0x000000008a600000|100%| E|CS|TAMS 0x000000008a500000, 0x000000008a500000| Complete 
| 110|0x000000008a600000, 0x000000008a700000, 0x000000008a700000|100%| E|CS|TAMS 0x000000008a600000, 0x000000008a600000| Complete 
| 111|0x000000008a700000, 0x000000008a800000, 0x000000008a800000|100%| E|  |TAMS 0x000000008a700000, 0x000000008a700000| Complete 
| 112|0x000000008a800000, 0x000000008a900000, 0x000000008a900000|100%| E|CS|TAMS 0x000000008a800000, 0x000000008a800000| Complete 
| 113|0x000000008a900000, 0x000000008aa00000, 0x000000008aa00000|100%| E|CS|TAMS 0x000000008a900000, 0x000000008a900000| Complete 
| 114|0x000000008aa00000, 0x000000008ab00000, 0x000000008ab00000|100%| E|CS|TAMS 0x000000008aa00000, 0x000000008aa00000| Complete 
| 115|0x000000008ab00000, 0x000000008ac00000, 0x000000008ac00000|100%| E|CS|TAMS 0x000000008ab00000, 0x000000008ab00000| Complete 
| 116|0x000000008ac00000, 0x000000008ad00000, 0x000000008ad00000|100%| E|CS|TAMS 0x000000008ac00000, 0x000000008ac00000| Complete 
| 117|0x000000008ad00000, 0x000000008ae00000, 0x000000008ae00000|100%| E|CS|TAMS 0x000000008ad00000, 0x000000008ad00000| Complete 
| 118|0x000000008ae00000, 0x000000008af00000, 0x000000008af00000|100%| E|CS|TAMS 0x000000008ae00000, 0x000000008ae00000| Complete 
| 119|0x000000008af00000, 0x000000008b000000, 0x000000008b000000|100%| E|CS|TAMS 0x000000008af00000, 0x000000008af00000| Complete 
| 120|0x000000008b000000, 0x000000008b100000, 0x000000008b100000|100%| E|CS|TAMS 0x000000008b000000, 0x000000008b000000| Complete 
| 121|0x000000008b100000, 0x000000008b200000, 0x000000008b200000|100%| E|CS|TAMS 0x000000008b100000, 0x000000008b100000| Complete 
| 122|0x000000008b200000, 0x000000008b300000, 0x000000008b300000|100%| E|CS|TAMS 0x000000008b200000, 0x000000008b200000| Complete 
| 123|0x000000008b300000, 0x000000008b400000, 0x000000008b400000|100%| E|CS|TAMS 0x000000008b300000, 0x000000008b300000| Complete 
| 124|0x000000008b400000, 0x000000008b500000, 0x000000008b500000|100%| E|CS|TAMS 0x000000008b400000, 0x000000008b400000| Complete 
| 125|0x000000008b500000, 0x000000008b600000, 0x000000008b600000|100%| E|CS|TAMS 0x000000008b500000, 0x000000008b500000| Complete 

Card table byte_map: [0x00000224af420000,0x00000224af810000] _byte_map_base: 0x00000224af004000

Marking Bits (Prev, Next): (CMBitMap*) 0x00000224988fa0c0, (CMBitMap*) 0x00000224988fa100
 Prev Bits: [0x00000224afc00000, 0x00000224b1b20000)
 Next Bits: [0x00000224b1b20000, 0x00000224b3a40000)

Polling page: 0x00000224965c0000

Metaspace:

Usage:
  Non-class:     15.31 MB used.
      Class:      2.12 MB used.
       Both:     17.43 MB used.

Virtual space:
  Non-class space:       16.00 MB reserved,      15.44 MB ( 96%) committed,  2 nodes.
      Class space:        1.00 GB reserved,       2.25 MB ( <1%) committed,  1 nodes.
             Both:        1.02 GB reserved,      17.69 MB (  2%) committed. 

Chunk freelists:
   Non-Class:  45.00 KB
       Class:  1.76 MB
        Both:  1.81 MB

MaxMetaspaceSize: unlimited
CompressedClassSpaceSize: 1.00 GB
Initial GC threshold: 21.00 MB
Current GC threshold: 21.00 MB
CDS: on
MetaspaceReclaimPolicy: balanced
 - commit_granule_bytes: 65536.
 - commit_granule_words: 8192.
 - virtual_space_node_default_size: 1048576.
 - enlarge_chunks_in_place: 1.
 - new_chunks_are_fully_committed: 0.
 - uncommit_free_chunks: 1.
 - use_allocation_guard: 0.
 - handle_deallocations: 1.


Internal statistics:

num_allocs_failed_limit: 0.
num_arena_births: 208.
num_arena_deaths: 0.
num_vsnodes_births: 3.
num_vsnodes_deaths: 0.
num_space_committed: 283.
num_space_uncommitted: 0.
num_chunks_returned_to_freelist: 0.
num_chunks_taken_from_freelist: 796.
num_chunk_merges: 0.
num_chunk_splits: 545.
num_chunks_enlarged: 429.
num_purges: 0.
num_inconsistent_stats: 0.

CodeHeap 'non-profiled nmethods': size=120000Kb used=1012Kb max_used=1012Kb free=118987Kb
 bounds [0x00000224a7b00000, 0x00000224a7d70000, 0x00000224af030000]
CodeHeap 'profiled nmethods': size=120000Kb used=5210Kb max_used=5210Kb free=114789Kb
 bounds [0x00000224a05d0000, 0x00000224a0af0000, 0x00000224a7b00000]
CodeHeap 'non-nmethods': size=5760Kb used=1205Kb max_used=1251Kb free=4554Kb
 bounds [0x00000224a0030000, 0x00000224a02a0000, 0x00000224a05d0000]
 total_blobs=3015 nmethods=2526 adapters=401
 compilation: enabled
              stopped_count=0, restarted_count=0
 full_count=0

Compilation events (20 events):
Event: 2.045 Thread 0x00000224b6821150 nmethod 2490 0x00000224a7bfb910 code [0x00000224a7bfba80, 0x00000224a7bfbc58]
Event: 2.045 Thread 0x000002249877cc10 2491       3       java.lang.PublicMethods::merge (81 bytes)
Event: 2.046 Thread 0x00000224b6821150 2493       4       jdk.internal.org.objectweb.asm.Frame::push (109 bytes)
Event: 2.046 Thread 0x000002249877cc10 nmethod 2491 0x00000224a0ac9a90 code [0x00000224a0ac9ce0, 0x00000224a0aca708]
Event: 2.046 Thread 0x000002249877cc10 2492       3       java.lang.PublicMethods$Key::<init> (24 bytes)
Event: 2.046 Thread 0x000002249877cc10 nmethod 2492 0x00000224a0acab10 code [0x00000224a0acace0, 0x00000224a0acb058]
Event: 2.046 Thread 0x000002249877cc10 2495       3       java.lang.PublicMethods$MethodList::filter (104 bytes)
Event: 2.047 Thread 0x000002249877cc10 nmethod 2495 0x00000224a0acb210 code [0x00000224a0acb440, 0x00000224a0acbeb8]
Event: 2.047 Thread 0x000002249877cc10 2494       3       java.lang.Class::getMethodsRecursive (99 bytes)
Event: 2.047 Thread 0x000002249877cc10 nmethod 2494 0x00000224a0acc390 code [0x00000224a0acc5c0, 0x00000224a0accb68]
Event: 2.047 Thread 0x000002249877cc10 2496       3       java.lang.reflect.Method::getParameterTypes (11 bytes)
Event: 2.047 Thread 0x000002249877cc10 nmethod 2496 0x00000224a0acce90 code [0x00000224a0acd040, 0x00000224a0acd308]
Event: 2.047 Thread 0x000002249877cc10 2497   !   3       jdk.proxy2.$Proxy12::annotationType (29 bytes)
Event: 2.048 Thread 0x000002249877cc10 nmethod 2497 0x00000224a0acd410 code [0x00000224a0acd5e0, 0x00000224a0acd9d8]
Event: 2.048 Thread 0x00000224b6821150 nmethod 2493 0x00000224a7bfbd10 code [0x00000224a7bfbea0, 0x00000224a7bfc138]
Event: 2.052 Thread 0x000002249877cc10 2498       3       org.springframework.core.ResolvableType$DefaultVariableResolver::<init> (10 bytes)
Event: 2.052 Thread 0x000002249877cc10 nmethod 2498 0x00000224a0acdb90 code [0x00000224a0acdd20, 0x00000224a0acded8]
Event: 2.052 Thread 0x000002249877cc10 2499       3       java.lang.invoke.InnerClassLambdaMetafactory::<init> (258 bytes)
Event: 2.054 Thread 0x000002249877cc10 nmethod 2499 0x00000224a0acdf90 code [0x00000224a0ace3a0, 0x00000224a0ad02d8]
Event: 2.054 Thread 0x000002249877cc10 2500   !   3       java.lang.invoke.AbstractValidatingLambdaMetafactory::<init> (544 bytes)

GC Heap History (6 events):
Event: 0.507 GC heap before
{Heap before GC invocations=0 (full 0):
 garbage-first heap   total 129024K, used 13312K [0x0000000083800000, 0x0000000100000000)
  region size 1024K, 13 young (13312K), 0 survivors (0K)
 Metaspace       used 3082K, committed 3200K, reserved 1056768K
  class space    used 309K, committed 384K, reserved 1048576K
}
Event: 0.511 GC heap after
{Heap after GC invocations=1 (full 0):
 garbage-first heap   total 129024K, used 5526K [0x0000000083800000, 0x0000000100000000)
  region size 1024K, 2 young (2048K), 2 survivors (2048K)
 Metaspace       used 3082K, committed 3200K, reserved 1056768K
  class space    used 309K, committed 384K, reserved 1048576K
}
Event: 0.800 GC heap before
{Heap before GC invocations=1 (full 0):
 garbage-first heap   total 129024K, used 17814K [0x0000000083800000, 0x0000000100000000)
  region size 1024K, 15 young (15360K), 2 survivors (2048K)
 Metaspace       used 5973K, committed 6144K, reserved 1056768K
  class space    used 694K, committed 768K, reserved 1048576K
}
Event: 0.802 GC heap after
{Heap after GC invocations=2 (full 0):
 garbage-first heap   total 129024K, used 6240K [0x0000000083800000, 0x0000000100000000)
  region size 1024K, 1 young (1024K), 1 survivors (1024K)
 Metaspace       used 5973K, committed 6144K, reserved 1056768K
  class space    used 694K, committed 768K, reserved 1048576K
}
Event: 1.293 GC heap before
{Heap before GC invocations=2 (full 0):
 garbage-first heap   total 129024K, used 32864K [0x0000000083800000, 0x0000000100000000)
  region size 1024K, 28 young (28672K), 1 survivors (1024K)
 Metaspace       used 12773K, committed 12992K, reserved 1064960K
  class space    used 1515K, committed 1600K, reserved 1048576K
}
Event: 1.297 GC heap after
{Heap after GC invocations=3 (full 0):
 garbage-first heap   total 129024K, used 8701K [0x0000000083800000, 0x0000000100000000)
  region size 1024K, 4 young (4096K), 4 survivors (4096K)
 Metaspace       used 12773K, committed 12992K, reserved 1064960K
  class space    used 1515K, committed 1600K, reserved 1048576K
}

Deoptimization events (20 events):
Event: 1.986 Thread 0x00000224b706fa70 Uncommon trap: trap_request=0xffffff45 fr.pc=0x00000224a7bd22d8 relative=0x00000000000014b8
Event: 1.986 Thread 0x00000224b706fa70 Uncommon trap: reason=unstable_if action=reinterpret pc=0x00000224a7bd22d8 method=jdk.internal.jimage.ImageLocation.verifyName(Ljava/lang/String;Ljava/lang/String;IIIIIILjdk/internal/jimage/ImageStrings;)Z @ 2 c2
Event: 1.986 Thread 0x00000224b706fa70 DEOPT PACKING pc=0x00000224a7bd22d8 sp=0x000000c2a4afce90
Event: 1.986 Thread 0x00000224b706fa70 DEOPT UNPACKING pc=0x00000224a0085c23 sp=0x000000c2a4afcd88 mode 2
Event: 2.034 Thread 0x00000224b706fa70 Uncommon trap: trap_request=0xffffffde fr.pc=0x00000224a7b0f2a4 relative=0x00000000000001a4
Event: 2.034 Thread 0x00000224b706fa70 Uncommon trap: reason=class_check action=maybe_recompile pc=0x00000224a7b0f2a4 method=java.lang.String.equals(Ljava/lang/Object;)Z @ 8 c2
Event: 2.034 Thread 0x00000224b706fa70 DEOPT PACKING pc=0x00000224a7b0f2a4 sp=0x000000c2a4afda80
Event: 2.034 Thread 0x00000224b706fa70 DEOPT UNPACKING pc=0x00000224a0085c23 sp=0x000000c2a4afda18 mode 2
Event: 2.034 Thread 0x00000224b706fa70 Uncommon trap: trap_request=0xffffffde fr.pc=0x00000224a7b0f2a4 relative=0x00000000000001a4
Event: 2.034 Thread 0x00000224b706fa70 Uncommon trap: reason=class_check action=maybe_recompile pc=0x00000224a7b0f2a4 method=java.lang.String.equals(Ljava/lang/Object;)Z @ 8 c2
Event: 2.034 Thread 0x00000224b706fa70 DEOPT PACKING pc=0x00000224a7b0f2a4 sp=0x000000c2a4afda80
Event: 2.034 Thread 0x00000224b706fa70 DEOPT UNPACKING pc=0x00000224a0085c23 sp=0x000000c2a4afda18 mode 2
Event: 2.034 Thread 0x00000224b706fa70 Uncommon trap: trap_request=0xffffffde fr.pc=0x00000224a7b0f2a4 relative=0x00000000000001a4
Event: 2.034 Thread 0x00000224b706fa70 Uncommon trap: reason=class_check action=maybe_recompile pc=0x00000224a7b0f2a4 method=java.lang.String.equals(Ljava/lang/Object;)Z @ 8 c2
Event: 2.034 Thread 0x00000224b706fa70 DEOPT PACKING pc=0x00000224a7b0f2a4 sp=0x000000c2a4afda80
Event: 2.034 Thread 0x00000224b706fa70 DEOPT UNPACKING pc=0x00000224a0085c23 sp=0x000000c2a4afda18 mode 2
Event: 2.035 Thread 0x00000224b706fa70 Uncommon trap: trap_request=0xffffffde fr.pc=0x00000224a7b0f2a4 relative=0x00000000000001a4
Event: 2.036 Thread 0x00000224b706fa70 Uncommon trap: reason=class_check action=maybe_recompile pc=0x00000224a7b0f2a4 method=java.lang.String.equals(Ljava/lang/Object;)Z @ 8 c2
Event: 2.036 Thread 0x00000224b706fa70 DEOPT PACKING pc=0x00000224a7b0f2a4 sp=0x000000c2a4afd710
Event: 2.036 Thread 0x00000224b706fa70 DEOPT UNPACKING pc=0x00000224a0085c23 sp=0x000000c2a4afd6a8 mode 2

Classes unloaded (0 events):
No events

Classes redefined (0 events):
No events

Internal exceptions (20 events):
Event: 1.015 Thread 0x00000224b706fa70 Exception <a 'java/lang/NoSuchMethodError'{0x000000008aecdd00}: 'void java.lang.invoke.DirectMethodHandle$Holder.invokeStaticInit(java.lang.Object, java.lang.Object)'> (0x000000008aecdd00) 
thrown [t:\workspace\open\src\hotspot\share\interpreter\linkResolver.cpp, line 766]
Event: 1.017 Thread 0x00000224b706fa70 Exception <a 'java/lang/NoSuchMethodError'{0x000000008aedacf8}: 'void java.lang.invoke.DirectMethodHandle$Holder.invokeStaticInit(java.lang.Object, java.lang.Object, java.lang.Object)'> (0x000000008aedacf8) 
thrown [t:\workspace\open\src\hotspot\share\interpreter\linkResolver.cpp, line 766]
Event: 1.024 Thread 0x00000224b706fa70 Exception <a 'java/lang/NoSuchMethodError'{0x000000008ad18e30}: 'java.lang.Object java.lang.invoke.DirectMethodHandle$Holder.invokeStatic(java.lang.Object, java.lang.Object, long, java.lang.Object)'> (0x000000008ad18e30) 
thrown [t:\workspace\open\src\hotspot\share\interpreter\linkResolver.cpp, line 766]
Event: 1.024 Thread 0x00000224b706fa70 Exception <a 'java/lang/NoSuchMethodError'{0x000000008ad1c8c8}: 'java.lang.Object java.lang.invoke.DirectMethodHandle$Holder.invokeStaticInit(java.lang.Object, java.lang.Object, long, java.lang.Object)'> (0x000000008ad1c8c8) 
thrown [t:\workspace\open\src\hotspot\share\interpreter\linkResolver.cpp, line 766]
Event: 1.025 Thread 0x00000224b706fa70 Exception <a 'java/lang/NoSuchMethodError'{0x000000008ad22fd0}: 'java.lang.Object java.lang.invoke.DirectMethodHandle$Holder.newInvokeSpecial(java.lang.Object, java.lang.Object, long)'> (0x000000008ad22fd0) 
thrown [t:\workspace\open\src\hotspot\share\interpreter\linkResolver.cpp, line 766]
Event: 1.026 Thread 0x00000224b706fa70 Exception <a 'java/lang/NoSuchMethodError'{0x000000008ad26b40}: 'java.lang.Object java.lang.invoke.Invokers$Holder.linkToTargetMethod(java.lang.Object, long, java.lang.Object)'> (0x000000008ad26b40) 
thrown [t:\workspace\open\src\hotspot\share\interpreter\linkResolver.cpp, line 766]
Event: 1.045 Thread 0x00000224b706fa70 Exception <a 'java/lang/NoSuchMethodError'{0x000000008adf2bb0}: 'void java.lang.invoke.DirectMethodHandle$Holder.invokeVirtual(java.lang.Object, java.lang.Object, java.lang.Object, java.lang.Object)'> (0x000000008adf2bb0) 
thrown [t:\workspace\open\src\hotspot\share\interpreter\linkResolver.cpp, line 766]
Event: 1.087 Thread 0x00000224b706fa70 Exception <a 'java/lang/NoSuchMethodError'{0x000000008abc4d00}: 'void java.lang.invoke.DirectMethodHandle$Holder.invokeSpecial(java.lang.Object, java.lang.Object, java.lang.Object)'> (0x000000008abc4d00) 
thrown [t:\workspace\open\src\hotspot\share\interpreter\linkResolver.cpp, line 766]
Event: 1.088 Thread 0x00000224b706fa70 Exception <a 'java/lang/NoSuchMethodError'{0x000000008abcb2d8}: 'void java.lang.invoke.DirectMethodHandle$Holder.invokeSpecial(java.lang.Object, java.lang.Object, java.lang.Object, java.lang.Object, java.lang.Object)'> (0x000000008abcb2d8) 
thrown [t:\workspace\open\src\hotspot\share\interpreter\linkResolver.cpp, line 766]
Event: 1.095 Thread 0x00000224b706fa70 Exception <a 'java/lang/IncompatibleClassChangeError'{0x000000008aa0e950}: Found class java.lang.Object, but interface was expected> (0x000000008aa0e950) 
thrown [t:\workspace\open\src\hotspot\share\interpreter\linkResolver.cpp, line 833]
Event: 1.098 Thread 0x00000224b76ad120 Exception <a 'java/lang/NoClassDefFoundError'{0x000000008aa2f738}: jakarta/validation/Validation> (0x000000008aa2f738) 
thrown [t:\workspace\open\src\hotspot\share\classfile\systemDictionary.cpp, line 245]
Event: 1.437 Thread 0x00000224b76ad120 Exception <a 'java/lang/NoSuchMethodError'{0x000000008adffd08}: 'long java.lang.invoke.DirectMethodHandle$Holder.invokeSpecial(java.lang.Object, java.lang.Object)'> (0x000000008adffd08) 
thrown [t:\workspace\open\src\hotspot\share\interpreter\linkResolver.cpp, line 766]
Event: 1.439 Thread 0x00000224b76ad120 Exception <a 'java/lang/NoSuchMethodError'{0x000000008ac0b3d8}: 'long java.lang.invoke.DirectMethodHandle$Holder.invokeStatic(java.lang.Object, java.lang.Object)'> (0x000000008ac0b3d8) 
thrown [t:\workspace\open\src\hotspot\share\interpreter\linkResolver.cpp, line 766]
Event: 1.439 Thread 0x00000224b76ad120 Exception <a 'java/lang/NoSuchMethodError'{0x000000008ac0e9d8}: 'long java.lang.invoke.DirectMethodHandle$Holder.invokeStaticInit(java.lang.Object, java.lang.Object)'> (0x000000008ac0e9d8) 
thrown [t:\workspace\open\src\hotspot\share\interpreter\linkResolver.cpp, line 766]
Event: 1.444 Thread 0x00000224b76ad120 Exception <a 'java/lang/NoSuchMethodError'{0x000000008ac1c580}: 'long java.lang.invoke.DirectMethodHandle$Holder.invokeInterface(java.lang.Object, java.lang.Object)'> (0x000000008ac1c580) 
thrown [t:\workspace\open\src\hotspot\share\interpreter\linkResolver.cpp, line 766]
Event: 1.444 Thread 0x00000224b76ad120 Exception <a 'java/lang/IncompatibleClassChangeError'{0x000000008ac1fb10}: Found class java.lang.Object, but interface was expected> (0x000000008ac1fb10) 
thrown [t:\workspace\open\src\hotspot\share\interpreter\linkResolver.cpp, line 833]
Event: 1.457 Thread 0x00000224b76ad120 Exception <a 'java/lang/NoSuchMethodError'{0x000000008ab0c568}: 'java.lang.Object java.lang.invoke.DirectMethodHandle$Holder.invokeVirtual(java.lang.Object, java.lang.Object, java.lang.Object, java.lang.Object)'> (0x000000008ab0c568) 
thrown [t:\workspace\open\src\hotspot\share\interpreter\linkResolver.cpp, line 766]
Event: 1.465 Thread 0x00000224b706fa70 Exception <a 'java/lang/NoSuchMethodError'{0x000000008ab8d958}: 'int java.lang.invoke.DirectMethodHandle$Holder.invokeSpecial(java.lang.Object, java.lang.Object, java.lang.Object, java.lang.Object, java.lang.Object)'> (0x000000008ab8d958) 
thrown [t:\workspace\open\src\hotspot\share\interpreter\linkResolver.cpp, line 766]
Event: 1.467 Thread 0x00000224b706fa70 Exception <a 'java/lang/NoSuchMethodError'{0x000000008ab969b8}: 'void java.lang.invoke.DirectMethodHandle$Holder.invokeVirtual(java.lang.Object, java.lang.Object)'> (0x000000008ab969b8) 
thrown [t:\workspace\open\src\hotspot\share\interpreter\linkResolver.cpp, line 766]
Event: 1.669 Thread 0x00000224b706fa70 Exception <a 'java/lang/IncompatibleClassChangeError'{0x000000008a4dd850}: Found class java.lang.Object, but interface was expected> (0x000000008a4dd850) 
thrown [t:\workspace\open\src\hotspot\share\interpreter\linkResolver.cpp, line 833]

VM Operations (20 events):
Event: 0.800 Executing VM operation: G1CollectForAllocation
Event: 0.802 Executing VM operation: G1CollectForAllocation done
Event: 0.939 Executing VM operation: HandshakeAllThreads
Event: 0.939 Executing VM operation: HandshakeAllThreads done
Event: 1.085 Executing VM operation: HandshakeAllThreads
Event: 1.085 Executing VM operation: HandshakeAllThreads done
Event: 1.206 Executing VM operation: ICBufferFull
Event: 1.206 Executing VM operation: ICBufferFull done
Event: 1.221 Executing VM operation: HandshakeAllThreads
Event: 1.221 Executing VM operation: HandshakeAllThreads done
Event: 1.293 Executing VM operation: G1CollectForAllocation
Event: 1.297 Executing VM operation: G1CollectForAllocation done
Event: 1.382 Executing VM operation: HandshakeAllThreads
Event: 1.382 Executing VM operation: HandshakeAllThreads done
Event: 1.431 Executing VM operation: HandshakeAllThreads
Event: 1.431 Executing VM operation: HandshakeAllThreads done
Event: 1.449 Executing VM operation: HandshakeAllThreads
Event: 1.449 Executing VM operation: HandshakeAllThreads done
Event: 1.885 Executing VM operation: ICBufferFull
Event: 1.885 Executing VM operation: ICBufferFull done

Events (20 events):
Event: 1.473 loading class java/util/regex/Pattern$LazyLoop
Event: 1.473 loading class java/util/regex/Pattern$Loop
Event: 1.473 loading class java/util/regex/Pattern$Loop done
Event: 1.473 loading class java/util/regex/Pattern$LazyLoop done
Event: 1.473 loading class java/util/regex/Pattern$Prolog
Event: 1.473 loading class java/util/regex/Pattern$Prolog done
Event: 1.482 loading class java/lang/AssertionError
Event: 1.482 loading class java/lang/AssertionError done
Event: 1.601 Thread 0x00000224b860d9c0 Thread added: 0x00000224b860d9c0
Event: 1.629 loading class javax/naming/ldap/LdapContext
Event: 1.629 loading class javax/naming/directory/DirContext
Event: 1.629 loading class javax/naming/directory/DirContext done
Event: 1.629 loading class javax/naming/ldap/LdapContext done
Event: 1.656 Thread 0x00000224b860d9c0 Thread exited: 0x00000224b860d9c0
Event: 1.861 loading class java/beans/PropertyVetoException
Event: 1.861 loading class java/beans/PropertyVetoException done
Event: 1.869 loading class java/nio/charset/CharacterCodingException
Event: 1.869 loading class java/nio/charset/CharacterCodingException done
Event: 2.051 loading class javax/naming/Referenceable
Event: 2.051 loading class javax/naming/Referenceable done


Dynamic libraries:
0x00007ff7d4d90000 - 0x00007ff7d4da0000 	C:\Program Files\Java\jdk-17.0.1\bin\java.exe
0x00007ffa551e0000 - 0x00007ffa553ce000 	C:\Windows\SYSTEM32\ntdll.dll
0x00007ffa540a0000 - 0x00007ffa54153000 	C:\Windows\System32\KERNEL32.DLL
0x00007ffa51a20000 - 0x00007ffa51cbd000 	C:\Windows\System32\KERNELBASE.dll
0x00007ffa515b0000 - 0x00007ffa516aa000 	C:\Windows\System32\ucrtbase.dll
0x00007ffa498f0000 - 0x00007ffa49908000 	C:\Program Files\Java\jdk-17.0.1\bin\jli.dll
0x00007ffa543c0000 - 0x00007ffa54467000 	C:\Windows\System32\ADVAPI32.dll
0x00007ffa49910000 - 0x00007ffa4992a000 	C:\Program Files\Java\jdk-17.0.1\bin\VCRUNTIME140.dll
0x00007ffa54280000 - 0x00007ffa5431e000 	C:\Windows\System32\msvcrt.dll
0x00007ffa54800000 - 0x00007ffa5489f000 	C:\Windows\System32\sechost.dll
0x00007ffa54160000 - 0x00007ffa5427d000 	C:\Windows\System32\RPCRT4.dll
0x00007ffa54900000 - 0x00007ffa54a98000 	C:\Windows\System32\USER32.dll
0x00007ffa516b0000 - 0x00007ffa516d0000 	C:\Windows\System32\win32u.dll
0x00007ffa54390000 - 0x00007ffa543b9000 	C:\Windows\System32\GDI32.dll
0x00007ffa51410000 - 0x00007ffa515b0000 	C:\Windows\System32\gdi32full.dll
0x00007ffa51720000 - 0x00007ffa517c0000 	C:\Windows\System32\msvcp_win.dll
0x00007ffa33ff0000 - 0x00007ffa34269000 	C:\Windows\WinSxS\amd64_microsoft.windows.common-controls_6595b64144ccf1df_6.0.17763.3887_none_de7547fe5347b868\COMCTL32.dll
0x00007ffa544d0000 - 0x00007ffa547fc000 	C:\Windows\System32\combase.dll
0x00007ffa51280000 - 0x00007ffa51302000 	C:\Windows\System32\bcryptPrimitives.dll
0x00007ffa50c90000 - 0x00007ffa50c9a000 	C:\Windows\SYSTEM32\VERSION.dll
0x00007ffa548d0000 - 0x00007ffa548fe000 	C:\Windows\System32\IMM32.DLL
0x00007ffa50ca0000 - 0x00007ffa50d97000 	C:\Windows\system32\guard64.dll
0x00007ffa54f80000 - 0x00007ffa550d6000 	C:\Windows\System32\ole32.dll
0x00007ffa50b80000 - 0x00007ffa50b8a000 	C:\Windows\system32\fltlib.dll
0x00007ffa4b080000 - 0x00007ffa4b08c000 	C:\Program Files\Java\jdk-17.0.1\bin\vcruntime140_1.dll
0x00007ffa32cc0000 - 0x00007ffa32d4d000 	C:\Program Files\Java\jdk-17.0.1\bin\msvcp140.dll
0x00007ff9f5fc0000 - 0x00007ff9f6b7e000 	C:\Program Files\Java\jdk-17.0.1\bin\server\jvm.dll
0x00007ffa548a0000 - 0x00007ffa548a8000 	C:\Windows\System32\PSAPI.DLL
0x00007ffa381d0000 - 0x00007ffa381d9000 	C:\Windows\SYSTEM32\WSOCK32.dll
0x00007ffa54320000 - 0x00007ffa5438d000 	C:\Windows\System32\WS2_32.dll
0x00007ffa4aae0000 - 0x00007ffa4ab04000 	C:\Windows\SYSTEM32\WINMM.dll
0x00007ffa4aab0000 - 0x00007ffa4aadd000 	C:\Windows\SYSTEM32\WINMMBASE.dll
0x00007ffa513c0000 - 0x00007ffa5140a000 	C:\Windows\System32\cfgmgr32.dll
0x00007ffa511d0000 - 0x00007ffa511e1000 	C:\Windows\System32\kernel.appcore.dll
0x00007ffa46800000 - 0x00007ffa4680a000 	C:\Program Files\Java\jdk-17.0.1\bin\jimage.dll
0x00007ffa4f9f0000 - 0x00007ffa4fbdd000 	C:\Windows\SYSTEM32\DBGHELP.DLL
0x00007ffa3cb50000 - 0x00007ffa3cb7a000 	C:\Windows\SYSTEM32\dbgcore.DLL
0x00007ffa467f0000 - 0x00007ffa467fe000 	C:\Program Files\Java\jdk-17.0.1\bin\instrument.dll
0x00007ffa38da0000 - 0x00007ffa38dc5000 	C:\Program Files\Java\jdk-17.0.1\bin\java.dll
0x00007ffa21460000 - 0x00007ffa21536000 	C:\Program Files\Java\jdk-17.0.1\bin\svml.dll
0x00007ffa52410000 - 0x00007ffa53908000 	C:\Windows\System32\SHELL32.dll
0x00007ffa54c60000 - 0x00007ffa54d07000 	C:\Windows\System32\shcore.dll
0x00007ffa51cc0000 - 0x00007ffa52409000 	C:\Windows\System32\windows.storage.dll
0x00007ffa51250000 - 0x00007ffa51273000 	C:\Windows\System32\profapi.dll
0x00007ffa511f0000 - 0x00007ffa5124d000 	C:\Windows\System32\powrprof.dll
0x00007ffa54470000 - 0x00007ffa544c2000 	C:\Windows\System32\shlwapi.dll
0x00007ffa51700000 - 0x00007ffa5171b000 	C:\Windows\System32\cryptsp.dll
0x00007ffa41660000 - 0x00007ffa41678000 	C:\Program Files\Java\jdk-17.0.1\bin\zip.dll
0x00007ffa431a0000 - 0x00007ffa431b9000 	C:\Program Files\Java\jdk-17.0.1\bin\net.dll
0x00007ffa3efa0000 - 0x00007ffa3f09f000 	C:\Windows\SYSTEM32\WINHTTP.dll
0x00007ffa3dc30000 - 0x00007ffa3dc50000 	C:\Windows\system32\PrxerDrv.dll
0x00007ffa50880000 - 0x00007ffa508e7000 	C:\Windows\system32\mswsock.dll
0x00007ffa43160000 - 0x00007ffa43175000 	C:\Program Files\Java\jdk-17.0.1\bin\nio.dll
0x00007ffa32b20000 - 0x00007ffa32b3a000 	C:\Program Files\JetBrains\IntelliJ IDEA Community Edition 2022.2.1\bin\breakgen64.dll
0x00007ffa46110000 - 0x00007ffa46119000 	C:\Program Files\Java\jdk-17.0.1\bin\management.dll
0x00007ffa32c50000 - 0x00007ffa32c5b000 	C:\Program Files\Java\jdk-17.0.1\bin\management_ext.dll
0x00007ffa467e0000 - 0x00007ffa467f0000 	C:\Program Files\Java\jdk-17.0.1\bin\verify.dll

dbghelp: loaded successfully - version: 4.0.5 - missing functions: none
symbol engine: initialized successfully - sym options: 0x614 - pdb path: .;C:\Program Files\Java\jdk-17.0.1\bin;C:\Windows\SYSTEM32;C:\Windows\WinSxS\amd64_microsoft.windows.common-controls_6595b64144ccf1df_6.0.17763.3887_none_de7547fe5347b868;C:\Program Files\Java\jdk-17.0.1\bin\server;C:\Program Files\JetBrains\IntelliJ IDEA Community Edition 2022.2.1\bin

VM Arguments:
jvm_args: -javaagent:C:\Program Files\JetBrains\IntelliJ IDEA Community Edition 2022.2.1\lib\idea_rt.jar=56875:C:\Program Files\JetBrains\IntelliJ IDEA Community Edition 2022.2.1\bin -Dfile.encoding=UTF-8 
java_command: com.example.managerProject.ManagerProjectApplication
java_class_path (initial): C:\Data\ProjectsJava\managerProject\target\classes;C:\Users\Liza\.m2\repository\org\springframework\boot\spring-boot-starter-thymeleaf\3.1.2\spring-boot-starter-thymeleaf-3.1.2.jar;C:\Users\Liza\.m2\repository\org\springframework\boot\spring-boot-starter\3.1.2\spring-boot-starter-3.1.2.jar;C:\Users\Liza\.m2\repository\org\springframework\boot\spring-boot-starter-logging\3.1.2\spring-boot-starter-logging-3.1.2.jar;C:\Users\Liza\.m2\repository\ch\qos\logback\logback-classic\1.4.8\logback-classic-1.4.8.jar;C:\Users\Liza\.m2\repository\ch\qos\logback\logback-core\1.4.8\logback-core-1.4.8.jar;C:\Users\Liza\.m2\repository\org\apache\logging\log4j\log4j-to-slf4j\2.20.0\log4j-to-slf4j-2.20.0.jar;C:\Users\Liza\.m2\repository\org\apache\logging\log4j\log4j-api\2.20.0\log4j-api-2.20.0.jar;C:\Users\Liza\.m2\repository\org\slf4j\jul-to-slf4j\2.0.7\jul-to-slf4j-2.0.7.jar;C:\Users\Liza\.m2\repository\jakarta\annotation\jakarta.annotation-api\2.1.1\jakarta.annotation-api-2.1.1.jar;C:\Users\Liza\.m2\repository\org\yaml\snakeyaml\1.33\snakeyaml-1.33.jar;C:\Users\Liza\.m2\repository\org\thymeleaf\thymeleaf-spring6\3.1.1.RELEASE\thymeleaf-spring6-3.1.1.RELEASE.jar;C:\Users\Liza\.m2\repository\org\thymeleaf\thymeleaf\3.1.1.RELEASE\thymeleaf-3.1.1.RELEASE.jar;C:\Users\Liza\.m2\repository\org\attoparser\attoparser\2.0.6.RELEASE\attoparser-2.0.6.RELEASE.jar;C:\Users\Liza\.m2\repository\org\unbescape\unbescape\1.1.6.RELEASE\unbescape-1.1.6.RELEASE.jar;C:\Users\Liza\.m2\repository\org\slf4j\slf4j-api\2.0.7\slf4j-api-2.0.7.jar;C:\Users\Liza\.m2\repository\org\springframework\boot\spring-boot-starter-web\3.1.2\spring-boot-starter-web-3.1.2.jar;C:\Users\Liza\.m2\repository\org\springframework\boot\spring-boot-starter-json\3.1.2\spring-boot-starter-json-3.1.2.jar;C:\Users\Liza\.m2\repository\com\fasterxml\jackson\core\jackson-databind\2.15.2\jackson-databind-2.15.2.jar;C:\Users\Liza\.m2\repository\com\fasterxml\jackson\core\jackson-annotations\2.15.2\jackson-annotati
Launcher Type: SUN_STANDARD

[Global flags]
     intx CICompilerCount                          = 3                                         {product} {ergonomic}
     uint ConcGCThreads                            = 1                                         {product} {ergonomic}
     uint G1ConcRefinementThreads                  = 4                                         {product} {ergonomic}
   size_t G1HeapRegionSize                         = 1048576                                   {product} {ergonomic}
    uintx GCDrainStackTargetSize                   = 64                                        {product} {ergonomic}
   size_t InitialHeapSize                          = 132120576                                 {product} {ergonomic}
   size_t MarkStackSize                            = 4194304                                   {product} {ergonomic}
   size_t MaxHeapSize                              = 2088763392                                {product} {ergonomic}
   size_t MaxNewSize                               = 1253048320                                {product} {ergonomic}
   size_t MinHeapDeltaBytes                        = 1048576                                   {product} {ergonomic}
   size_t MinHeapSize                              = 8388608                                   {product} {ergonomic}
    uintx NonNMethodCodeHeapSize                   = 5832780                                {pd product} {ergonomic}
    uintx NonProfiledCodeHeapSize                  = 122912730                              {pd product} {ergonomic}
    uintx ProfiledCodeHeapSize                     = 122912730                              {pd product} {ergonomic}
    uintx ReservedCodeCacheSize                    = 251658240                              {pd product} {ergonomic}
     bool SegmentedCodeCache                       = true                                      {product} {ergonomic}
   size_t SoftMaxHeapSize                          = 2088763392                             {manageable} {ergonomic}
     bool UseCompressedClassPointers               = true                           {product lp64_product} {ergonomic}
     bool UseCompressedOops                        = true                           {product lp64_product} {ergonomic}
     bool UseG1GC                                  = true                                      {product} {ergonomic}
     bool UseLargePagesIndividualAllocation        = false                                  {pd product} {ergonomic}

Logging:
Log output configuration:
 #0: stdout all=warning uptime,level,tags
 #1: stderr all=off uptime,level,tags

Environment Variables:
PATH=C:\Program Files\Common Files\Oracle\Java\javapath;C:\Program Files (x86)\Common Files\Oracle\Java\javapath;C:\Windows\system32;C:\Windows;C:\Windows\System32\Wbem;C:\Windows\System32\WindowsPowerShell\v1.0\;C:\Windows\System32\OpenSSH\;C:\Program Files\Go\bin;C:\Program Files\dotnet\;C:\Users\Liza\.cargo\bin;C:\Users\Liza\AppData\Local\Programs\Python\Python39\Scripts\;C:\Users\Liza\AppData\Local\Programs\Python\Python39\;C:\Users\Liza\AppData\Local\Microsoft\WindowsApps;C:\Users\Liza\AppData\Local\GitHubDesktop\bin;C:\Users\Liza\AppData\Local\Programs\Git\cmd;C:\Users\Liza\go\bin
USERNAME=Liza
OS=Windows_NT
PROCESSOR_IDENTIFIER=Intel64 Family 6 Model 126 Stepping 5, GenuineIntel



---------------  S Y S T E M  ---------------

OS:
 Windows 10 , 64 bit Build 17763 (10.0.17763.3887)
OS uptime: 0 days 8:26 hours

CPU: total 4 (initial active 4) (2 cores per cpu, 2 threads per core) family 6 model 126 stepping 5 microcode 0xa0, cx8, cmov, fxsr, ht, mmx, 3dnowpref, sse, sse2, sse3, ssse3, sse4.1, sse4.2, popcnt, lzcnt, tsc, tscinvbit, avx, avx2, aes, erms, clmul, bmi1, bmi2, adx, avx512f, avx512dq, avx512cd, avx512bw, avx512vl, sha, fma, vzeroupper, avx512_vpopcntdq, avx512_vpclmulqdq, avx512_vaes, avx512_vnni, clflush, clflushopt, avx512_vbmi2, avx512_vbmi

Memory: 4k page, system-wide physical 7967M (572M free)
TotalPageFile size 9858M (AvailPageFile size 5M)
current process WorkingSet (physical memory assigned to process): 133M, peak: 133M
current process commit charge ("private bytes"): 256M, peak: 258M

vm_info: Java HotSpot(TM) 64-Bit Server VM (17.0.1+12-LTS-39) for windows-amd64 JRE (17.0.1+12-LTS-39), built on Sep 27 2021 18:41:35 by "mach5one" with MS VC++ 16.8 (VS2019)

END.
